0 verbose cli C:\Program Files\nodejs\node.exe C:\Program Files\nodejs\node_modules\npm\bin\npm-cli.js
1 info using npm@10.7.0
2 info using node@v22.2.0
3 silly config:load:file:C:\Program Files\nodejs\node_modules\npm\npmrc
4 silly config:load:file:C:\Users\kalpn\Desktop\Diwali-Bazar\.npmrc
5 silly config:load:file:C:\Users\kalpn\.npmrc
6 silly config:load:file:C:\Users\kalpn\AppData\Roaming\npm\etc\npmrc
7 verbose title npm install tailwindcss
8 verbose argv "install" "--save-dev" "tailwindcss"
9 verbose logfile logs-max:10 dir:C:\Users\kalpn\Desktop\Diwali-Bazar\UserskalpnAppDataLocalnpm-cache\_logs\2024-10-29T19_53_21_287Z-
10 verbose logfile C:\Users\kalpn\Desktop\Diwali-Bazar\UserskalpnAppDataLocalnpm-cache\_logs\2024-10-29T19_53_21_287Z-debug-0.log
11 silly logfile done cleaning log files
12 silly idealTree buildDeps
13 silly fetch manifest tailwindcss@*
14 http fetch GET 200 https://registry.npmjs.org/npm 933ms
15 http fetch GET 200 https://registry.npmjs.org/tailwindcss 1204ms (cache miss)
16 silly placeDep ROOT tailwindcss@3.4.14 OK for:  want: *
17 silly fetch manifest arg@^5.0.2
18 silly fetch manifest dlv@^1.1.3
19 silly fetch manifest jiti@^1.21.0
20 silly fetch manifest is-glob@^4.0.3
21 silly fetch manifest postcss@^8.4.23
22 silly fetch manifest resolve@^1.22.2
23 silly fetch manifest sucrase@^3.32.0
24 silly fetch manifest chokidar@^3.5.3
25 silly fetch manifest fast-glob@^3.3.0
26 silly fetch manifest lilconfig@^2.1.0
27 silly fetch manifest didyoumean@^1.2.2
28 silly fetch manifest micromatch@^4.0.5
29 silly fetch manifest picocolors@^1.0.0
30 silly fetch manifest postcss-js@^4.0.1
31 silly fetch manifest glob-parent@^6.0.2
32 http fetch GET 200 https://registry.npmjs.org/arg 130ms (cache miss)
33 silly fetch manifest object-hash@^3.0.0
34 http fetch GET 200 https://registry.npmjs.org/dlv 142ms (cache miss)
35 silly fetch manifest normalize-path@^3.0.0
36 http fetch GET 200 https://registry.npmjs.org/object-hash 169ms (cache miss)
37 silly fetch manifest postcss-import@^15.1.0
38 http fetch GET 200 https://registry.npmjs.org/normalize-path 162ms (cache miss)
39 silly fetch manifest postcss-nested@^6.0.1
40 http fetch GET 200 https://registry.npmjs.org/is-glob 415ms (cache miss)
41 silly fetch manifest @alloc/quick-lru@^5.2.0
42 http fetch GET 200 https://registry.npmjs.org/resolve 473ms (cache miss)
43 silly fetch manifest postcss-load-config@^4.0.1
44 http fetch GET 200 https://registry.npmjs.org/micromatch 524ms (cache miss)
45 silly fetch manifest postcss-selector-parser@^6.0.11
46 http fetch GET 200 https://registry.npmjs.org/lilconfig 539ms (cache miss)
47 http fetch GET 200 https://registry.npmjs.org/didyoumean 541ms (cache miss)
48 http fetch GET 200 https://registry.npmjs.org/postcss-import 262ms (cache miss)
49 http fetch GET 200 https://registry.npmjs.org/chokidar 578ms (cache miss)
50 http fetch GET 200 https://registry.npmjs.org/jiti 617ms (cache miss)
51 http fetch GET 200 https://registry.npmjs.org/postcss-nested 325ms (cache miss)
52 http fetch GET 200 https://registry.npmjs.org/picocolors 637ms (cache miss)
53 http fetch GET 200 https://registry.npmjs.org/fast-glob 642ms (cache miss)
54 http fetch GET 200 https://registry.npmjs.org/glob-parent 649ms (cache miss)
55 http fetch GET 200 https://registry.npmjs.org/postcss-js 655ms (cache miss)
56 http fetch GET 200 https://registry.npmjs.org/@alloc%2fquick-lru 254ms (cache miss)
57 http fetch GET 200 https://registry.npmjs.org/sucrase 671ms (cache miss)
58 http fetch GET 200 https://registry.npmjs.org/postcss-load-config 210ms (cache miss)
59 http fetch GET 200 https://registry.npmjs.org/postcss 700ms (cache miss)
60 http fetch GET 200 https://registry.npmjs.org/postcss-selector-parser 190ms (cache miss)
61 silly fetch manifest ts-node@>=9.0.0
62 http fetch GET 200 https://registry.npmjs.org/ts-node 200ms (cache miss)
63 silly fetch manifest @swc/core@>=1.2.50
64 http fetch GET 200 https://registry.npmjs.org/@swc%2fcore 401ms (cache miss)
65 silly fetch manifest @swc/helpers@*
66 http fetch GET 200 https://registry.npmjs.org/@swc%2fhelpers 168ms (cache miss)
67 silly fetch manifest @swc/wasm@>=1.2.50
68 http fetch GET 200 https://registry.npmjs.org/@swc%2fwasm 269ms (cache miss)
69 silly fetch manifest @types/node@*
70 http fetch GET 200 https://registry.npmjs.org/@types%2fnode 916ms (cache miss)
71 silly fetch manifest typescript@>=2.7
72 http fetch GET 200 https://registry.npmjs.org/typescript 2490ms (cache miss)
73 silly placeDep ROOT @alloc/quick-lru@5.2.0 OK for: tailwindcss@3.4.14 want: ^5.2.0
74 silly placeDep ROOT arg@5.0.2 OK for: tailwindcss@3.4.14 want: ^5.0.2
75 silly placeDep ROOT chokidar@3.6.0 OK for: tailwindcss@3.4.14 want: ^3.5.3
76 silly placeDep ROOT didyoumean@1.2.2 OK for: tailwindcss@3.4.14 want: ^1.2.2
77 silly placeDep ROOT dlv@1.1.3 OK for: tailwindcss@3.4.14 want: ^1.1.3
78 silly placeDep ROOT fast-glob@3.3.2 OK for: tailwindcss@3.4.14 want: ^3.3.0
79 silly placeDep ROOT glob-parent@6.0.2 OK for: tailwindcss@3.4.14 want: ^6.0.2
80 silly placeDep ROOT is-glob@4.0.3 OK for: tailwindcss@3.4.14 want: ^4.0.3
81 silly placeDep ROOT jiti@1.21.6 OK for: tailwindcss@3.4.14 want: ^1.21.0
82 silly placeDep ROOT lilconfig@2.1.0 OK for: tailwindcss@3.4.14 want: ^2.1.0
83 silly placeDep ROOT micromatch@4.0.8 OK for: tailwindcss@3.4.14 want: ^4.0.5
84 silly placeDep ROOT normalize-path@3.0.0 OK for: tailwindcss@3.4.14 want: ^3.0.0
85 silly placeDep ROOT object-hash@3.0.0 OK for: tailwindcss@3.4.14 want: ^3.0.0
86 silly placeDep ROOT picocolors@1.1.1 OK for: tailwindcss@3.4.14 want: ^1.0.0
87 silly placeDep ROOT postcss@8.4.47 OK for: tailwindcss@3.4.14 want: ^8.4.23
88 silly placeDep ROOT postcss-import@15.1.0 OK for: tailwindcss@3.4.14 want: ^15.1.0
89 silly placeDep ROOT postcss-js@4.0.1 OK for: tailwindcss@3.4.14 want: ^4.0.1
90 silly placeDep ROOT postcss-load-config@4.0.2 OK for: tailwindcss@3.4.14 want: ^4.0.1
91 silly placeDep ROOT postcss-nested@6.2.0 OK for: tailwindcss@3.4.14 want: ^6.0.1
92 silly placeDep ROOT postcss-selector-parser@6.1.2 OK for: tailwindcss@3.4.14 want: ^6.0.11
93 silly placeDep ROOT resolve@1.22.8 OK for: tailwindcss@3.4.14 want: ^1.22.2
94 silly placeDep ROOT sucrase@3.35.0 OK for: tailwindcss@3.4.14 want: ^3.32.0
95 silly fetch manifest braces@~3.0.2
96 silly fetch manifest is-glob@~4.0.1
97 silly fetch manifest anymatch@~3.1.2
98 silly fetch manifest readdirp@~3.6.0
99 silly fetch manifest glob-parent@~5.1.2
100 silly fetch manifest is-binary-path@~2.1.0
101 silly fetch manifest normalize-path@~3.0.0
102 silly fetch manifest fsevents@~2.3.2
103 silly fetch manifest @nodelib/fs.stat@^2.0.2
104 silly fetch manifest @nodelib/fs.walk@^1.2.3
105 silly fetch manifest glob-parent@^5.1.2
106 silly fetch manifest merge2@^1.3.0
107 silly fetch manifest micromatch@^4.0.4
108 silly fetch manifest is-extglob@^2.1.1
109 silly fetch manifest braces@^3.0.3
110 silly fetch manifest picomatch@^2.3.1
111 silly fetch manifest nanoid@^3.3.7
112 silly fetch manifest source-map-js@^1.2.1
113 silly fetch manifest postcss-value-parser@^4.0.0
114 silly fetch manifest read-cache@^1.0.0
115 http fetch GET 200 https://registry.npmjs.org/anymatch 129ms (cache miss)
116 silly fetch manifest resolve@^1.1.7
117 silly fetch manifest camelcase-css@^2.0.1
118 http fetch GET 200 https://registry.npmjs.org/readdirp 162ms (cache miss)
119 silly fetch manifest yaml@^2.3.4
120 http fetch GET 200 https://registry.npmjs.org/braces 182ms (cache miss)
121 silly fetch manifest lilconfig@^3.0.0
122 silly fetch manifest postcss-selector-parser@^6.1.1
123 silly fetch manifest cssesc@^3.0.0
124 http fetch GET 200 https://registry.npmjs.org/merge2 188ms (cache miss)
125 silly fetch manifest util-deprecate@^1.0.2
126 http fetch GET 200 https://registry.npmjs.org/is-extglob 207ms (cache miss)
127 silly fetch manifest is-core-module@^2.13.0
128 http fetch GET 200 https://registry.npmjs.org/fsevents 225ms (cache miss)
129 silly fetch manifest path-parse@^1.0.7
130 http fetch GET 200 https://registry.npmjs.org/is-binary-path 242ms (cache miss)
131 silly fetch manifest supports-preserve-symlinks-flag@^1.0.0
132 http fetch GET 200 https://registry.npmjs.org/picomatch 291ms (cache miss)
133 silly fetch manifest @jridgewell/gen-mapping@^0.3.2
134 http fetch GET 200 https://registry.npmjs.org/braces 303ms (cache miss)
135 silly fetch manifest commander@^4.0.0
136 http fetch GET 200 https://registry.npmjs.org/@nodelib%2ffs.stat 325ms (cache miss)
137 silly fetch manifest glob@^10.3.10
138 http fetch GET 200 https://registry.npmjs.org/source-map-js 328ms (cache miss)
139 silly fetch manifest lines-and-columns@^1.1.6
140 http fetch GET 200 https://registry.npmjs.org/@nodelib%2ffs.walk 404ms (cache miss)
141 silly fetch manifest mz@^2.7.0
142 http fetch GET 200 https://registry.npmjs.org/postcss-value-parser 447ms (cache miss)
143 silly fetch manifest pirates@^4.0.1
144 http fetch GET 200 https://registry.npmjs.org/read-cache 453ms (cache miss)
145 silly fetch manifest ts-interface-checker@^0.1.9
146 http fetch GET 200 https://registry.npmjs.org/camelcase-css 335ms (cache miss)
147 http fetch GET 200 https://registry.npmjs.org/cssesc 284ms (cache miss)
148 http fetch GET 200 https://registry.npmjs.org/util-deprecate 417ms (cache miss)
149 http fetch GET 200 https://registry.npmjs.org/path-parse 383ms (cache miss)
150 http fetch GET 200 https://registry.npmjs.org/is-core-module 441ms (cache miss)
151 http fetch GET 200 https://registry.npmjs.org/supports-preserve-symlinks-flag 412ms (cache miss)
152 http fetch GET 200 https://registry.npmjs.org/nanoid 668ms (cache miss)
153 http fetch GET 200 https://registry.npmjs.org/@jridgewell%2fgen-mapping 465ms (cache miss)
154 http fetch GET 200 https://registry.npmjs.org/lines-and-columns 567ms (cache miss)
155 http fetch GET 200 https://registry.npmjs.org/mz 521ms (cache miss)
156 http fetch GET 200 https://registry.npmjs.org/yaml 767ms (cache miss)
157 http fetch GET 200 https://registry.npmjs.org/pirates 504ms (cache miss)
158 http fetch GET 200 https://registry.npmjs.org/ts-interface-checker 511ms (cache miss)
159 http fetch GET 200 https://registry.npmjs.org/commander 777ms (cache miss)
160 http fetch GET 200 https://registry.npmjs.org/glob 787ms (cache miss)
161 silly placeDep ROOT anymatch@3.1.3 OK for: chokidar@3.6.0 want: ~3.1.2
162 silly placeDep ROOT braces@3.0.3 OK for: chokidar@3.6.0 want: ~3.0.2
163 silly placeDep ROOT fsevents@2.3.3 OK for: chokidar@3.6.0 want: ~2.3.2
164 silly placeDep node_modules/chokidar glob-parent@5.1.2 OK for: chokidar@3.6.0 want: ~5.1.2
165 silly placeDep ROOT is-binary-path@2.1.0 OK for: chokidar@3.6.0 want: ~2.1.0
166 silly placeDep ROOT readdirp@3.6.0 OK for: chokidar@3.6.0 want: ~3.6.0
167 silly fetch manifest picomatch@^2.0.4
168 silly fetch manifest fill-range@^7.1.1
169 silly fetch manifest binary-extensions@^2.0.0
170 silly fetch manifest picomatch@^2.2.1
171 http fetch GET 200 https://registry.npmjs.org/fill-range 123ms (cache miss)
172 http fetch GET 200 https://registry.npmjs.org/binary-extensions 150ms (cache miss)
173 silly placeDep ROOT picomatch@2.3.1 OK for: anymatch@3.1.3 want: ^2.0.4
174 silly placeDep ROOT fill-range@7.1.1 OK for: braces@3.0.3 want: ^7.1.1
175 silly fetch manifest to-regex-range@^5.0.1
176 http fetch GET 200 https://registry.npmjs.org/to-regex-range 147ms (cache miss)
177 silly placeDep ROOT @nodelib/fs.stat@2.0.5 OK for: fast-glob@3.3.2 want: ^2.0.2
178 silly placeDep ROOT @nodelib/fs.walk@1.2.8 OK for: fast-glob@3.3.2 want: ^1.2.3
179 silly placeDep node_modules/fast-glob glob-parent@5.1.2 OK for: fast-glob@3.3.2 want: ^5.1.2
180 silly placeDep ROOT merge2@1.4.1 OK for: fast-glob@3.3.2 want: ^1.3.0
181 silly fetch manifest @nodelib/fs.scandir@2.1.5
182 silly fetch manifest fastq@^1.6.0
183 http fetch GET 200 https://registry.npmjs.org/@nodelib%2ffs.scandir 161ms (cache miss)
184 http fetch GET 200 https://registry.npmjs.org/fastq 234ms (cache miss)
185 silly placeDep ROOT @nodelib/fs.scandir@2.1.5 OK for: @nodelib/fs.walk@1.2.8 want: 2.1.5
186 silly placeDep ROOT fastq@1.17.1 OK for: @nodelib/fs.walk@1.2.8 want: ^1.6.0
187 silly fetch manifest run-parallel@^1.1.9
188 silly fetch manifest reusify@^1.0.4
189 http fetch GET 200 https://registry.npmjs.org/run-parallel 103ms (cache miss)
190 http fetch GET 200 https://registry.npmjs.org/reusify 160ms (cache miss)
191 silly placeDep ROOT run-parallel@1.2.0 OK for: @nodelib/fs.scandir@2.1.5 want: ^1.1.9
192 silly fetch manifest queue-microtask@^1.2.2
193 http fetch GET 200 https://registry.npmjs.org/queue-microtask 137ms (cache miss)
194 silly placeDep ROOT reusify@1.0.4 OK for: fastq@1.17.1 want: ^1.0.4
195 silly placeDep ROOT to-regex-range@5.0.1 OK for: fill-range@7.1.1 want: ^5.0.1
196 silly fetch manifest is-number@^7.0.0
197 http fetch GET 200 https://registry.npmjs.org/is-number 122ms (cache miss)
198 silly placeDep ROOT binary-extensions@2.3.0 OK for: is-binary-path@2.1.0 want: ^2.0.0
199 silly placeDep ROOT is-extglob@2.1.1 OK for: is-glob@4.0.3 want: ^2.1.1
200 silly placeDep ROOT nanoid@3.3.7 OK for: postcss@8.4.47 want: ^3.3.7
201 silly placeDep ROOT source-map-js@1.2.1 OK for: postcss@8.4.47 want: ^1.2.1
202 silly placeDep ROOT postcss-value-parser@4.2.0 OK for: postcss-import@15.1.0 want: ^4.0.0
203 silly placeDep ROOT read-cache@1.0.0 OK for: postcss-import@15.1.0 want: ^1.0.0
204 silly fetch manifest pify@^2.3.0
205 http fetch GET 200 https://registry.npmjs.org/pify 118ms (cache miss)
206 silly placeDep ROOT camelcase-css@2.0.1 OK for: postcss-js@4.0.1 want: ^2.0.1
207 silly placeDep node_modules/postcss-load-config lilconfig@3.1.2 OK for: postcss-load-config@4.0.2 want: ^3.0.0
208 silly placeDep ROOT yaml@2.6.0 OK for: postcss-load-config@4.0.2 want: ^2.3.4
209 silly placeDep ROOT cssesc@3.0.0 OK for: postcss-selector-parser@6.1.2 want: ^3.0.0
210 silly placeDep ROOT util-deprecate@1.0.2 OK for: postcss-selector-parser@6.1.2 want: ^1.0.2
211 silly placeDep ROOT pify@2.3.0 OK for: read-cache@1.0.0 want: ^2.3.0
212 silly placeDep ROOT is-core-module@2.15.1 OK for: resolve@1.22.8 want: ^2.13.0
213 silly placeDep ROOT path-parse@1.0.7 OK for: resolve@1.22.8 want: ^1.0.7
214 silly placeDep ROOT supports-preserve-symlinks-flag@1.0.0 OK for: resolve@1.22.8 want: ^1.0.0
215 silly fetch manifest hasown@^2.0.2
216 http fetch GET 200 https://registry.npmjs.org/hasown 117ms (cache miss)
217 silly placeDep ROOT hasown@2.0.2 OK for: is-core-module@2.15.1 want: ^2.0.2
218 silly fetch manifest function-bind@^1.1.2
219 http fetch GET 200 https://registry.npmjs.org/function-bind 171ms (cache miss)
220 silly placeDep ROOT function-bind@1.1.2 OK for: hasown@2.0.2 want: ^1.1.2
221 silly placeDep ROOT queue-microtask@1.2.3 OK for: run-parallel@1.2.0 want: ^1.2.2
222 silly placeDep ROOT @jridgewell/gen-mapping@0.3.5 OK for: sucrase@3.35.0 want: ^0.3.2
223 silly placeDep ROOT commander@4.1.1 OK for: sucrase@3.35.0 want: ^4.0.0
224 silly placeDep ROOT glob@10.4.5 OK for: sucrase@3.35.0 want: ^10.3.10
225 silly placeDep ROOT lines-and-columns@1.2.4 OK for: sucrase@3.35.0 want: ^1.1.6
226 silly placeDep ROOT mz@2.7.0 OK for: sucrase@3.35.0 want: ^2.7.0
227 silly placeDep ROOT pirates@4.0.6 OK for: sucrase@3.35.0 want: ^4.0.1
228 silly placeDep ROOT ts-interface-checker@0.1.13 OK for: sucrase@3.35.0 want: ^0.1.9
229 silly fetch manifest @jridgewell/set-array@^1.2.1
230 silly fetch manifest @jridgewell/trace-mapping@^0.3.24
231 silly fetch manifest @jridgewell/sourcemap-codec@^1.4.10
232 silly fetch manifest minipass@^7.1.2
233 silly fetch manifest jackspeak@^3.1.2
234 silly fetch manifest minimatch@^9.0.4
235 silly fetch manifest path-scurry@^1.11.1
236 silly fetch manifest foreground-child@^3.1.0
237 silly fetch manifest package-json-from-dist@^1.0.0
238 silly fetch manifest any-promise@^1.0.0
239 silly fetch manifest object-assign@^4.0.1
240 silly fetch manifest thenify-all@^1.0.0
241 http fetch GET 200 https://registry.npmjs.org/@jridgewell%2fsourcemap-codec 144ms (cache miss)
242 http fetch GET 200 https://registry.npmjs.org/foreground-child 168ms (cache miss)
243 http fetch GET 200 https://registry.npmjs.org/path-scurry 197ms (cache miss)
244 http fetch GET 200 https://registry.npmjs.org/jackspeak 272ms (cache miss)
245 http fetch GET 200 https://registry.npmjs.org/@jridgewell%2ftrace-mapping 293ms (cache miss)
246 http fetch GET 200 https://registry.npmjs.org/minimatch 299ms (cache miss)
247 http fetch GET 200 https://registry.npmjs.org/package-json-from-dist 310ms (cache miss)
248 http fetch GET 200 https://registry.npmjs.org/any-promise 313ms (cache miss)
249 http fetch GET 200 https://registry.npmjs.org/@jridgewell%2fset-array 320ms (cache miss)
250 http fetch GET 200 https://registry.npmjs.org/object-assign 316ms (cache miss)
251 http fetch GET 200 https://registry.npmjs.org/thenify-all 317ms (cache miss)
252 http fetch GET 200 https://registry.npmjs.org/minipass 335ms (cache miss)
253 silly placeDep ROOT @jridgewell/set-array@1.2.1 OK for: @jridgewell/gen-mapping@0.3.5 want: ^1.2.1
254 silly placeDep ROOT @jridgewell/sourcemap-codec@1.5.0 OK for: @jridgewell/gen-mapping@0.3.5 want: ^1.4.10
255 silly placeDep ROOT @jridgewell/trace-mapping@0.3.25 OK for: @jridgewell/gen-mapping@0.3.5 want: ^0.3.24
256 silly fetch manifest @jridgewell/resolve-uri@^3.1.0
257 http fetch GET 200 https://registry.npmjs.org/@jridgewell%2fresolve-uri 119ms (cache miss)
258 silly placeDep ROOT @jridgewell/resolve-uri@3.1.2 OK for: @jridgewell/trace-mapping@0.3.25 want: ^3.1.0
259 silly placeDep ROOT foreground-child@3.3.0 OK for: glob@10.4.5 want: ^3.1.0
260 silly placeDep ROOT jackspeak@3.4.3 OK for: glob@10.4.5 want: ^3.1.2
261 silly placeDep ROOT minimatch@9.0.5 OK for: glob@10.4.5 want: ^9.0.4
262 silly placeDep ROOT minipass@7.1.2 OK for: glob@10.4.5 want: ^7.1.2
263 silly placeDep ROOT package-json-from-dist@1.0.1 OK for: glob@10.4.5 want: ^1.0.0
264 silly placeDep ROOT path-scurry@1.11.1 OK for: glob@10.4.5 want: ^1.11.1
265 silly fetch manifest cross-spawn@^7.0.0
266 silly fetch manifest signal-exit@^4.0.1
267 silly fetch manifest @isaacs/cliui@^8.0.2
268 silly fetch manifest @pkgjs/parseargs@^0.11.0
269 silly fetch manifest brace-expansion@^2.0.1
270 silly fetch manifest lru-cache@^10.2.0
271 http fetch GET 200 https://registry.npmjs.org/cross-spawn 105ms (cache miss)
272 http fetch GET 200 https://registry.npmjs.org/signal-exit 116ms (cache miss)
273 http fetch GET 200 https://registry.npmjs.org/brace-expansion 117ms (cache miss)
274 http fetch GET 200 https://registry.npmjs.org/@pkgjs%2fparseargs 124ms (cache miss)
275 http fetch GET 200 https://registry.npmjs.org/@isaacs%2fcliui 126ms (cache miss)
276 http fetch GET 200 https://registry.npmjs.org/lru-cache 153ms (cache miss)
277 silly placeDep ROOT cross-spawn@7.0.3 OK for: foreground-child@3.3.0 want: ^7.0.0
278 silly placeDep ROOT signal-exit@4.1.0 OK for: foreground-child@3.3.0 want: ^4.0.1
279 silly fetch manifest path-key@^3.1.0
280 silly fetch manifest shebang-command@^2.0.0
281 silly fetch manifest which@^2.0.1
282 http fetch GET 200 https://registry.npmjs.org/path-key 97ms (cache miss)
283 http fetch GET 200 https://registry.npmjs.org/shebang-command 101ms (cache miss)
284 http fetch GET 200 https://registry.npmjs.org/which 119ms (cache miss)
285 silly placeDep ROOT path-key@3.1.1 OK for: cross-spawn@7.0.3 want: ^3.1.0
286 silly placeDep ROOT shebang-command@2.0.0 OK for: cross-spawn@7.0.3 want: ^2.0.0
287 silly placeDep ROOT which@2.0.2 OK for: cross-spawn@7.0.3 want: ^2.0.1
288 silly fetch manifest shebang-regex@^3.0.0
289 silly fetch manifest isexe@^2.0.0
290 http fetch GET 200 https://registry.npmjs.org/shebang-regex 116ms (cache miss)
291 http fetch GET 200 https://registry.npmjs.org/isexe 132ms (cache miss)
292 silly placeDep ROOT @isaacs/cliui@8.0.2 OK for: jackspeak@3.4.3 want: ^8.0.2
293 silly placeDep ROOT @pkgjs/parseargs@0.11.0 OK for: jackspeak@3.4.3 want: ^0.11.0
294 silly fetch manifest string-width@^5.1.2
295 silly fetch manifest string-width-cjs@npm:string-width@^4.2.0
296 silly fetch manifest strip-ansi@^7.0.1
297 silly fetch manifest strip-ansi-cjs@npm:strip-ansi@^6.0.1
298 silly fetch manifest wrap-ansi@^8.1.0
299 silly fetch manifest wrap-ansi-cjs@npm:wrap-ansi@^7.0.0
300 http fetch GET 200 https://registry.npmjs.org/strip-ansi 97ms (cache miss)
301 http fetch GET 200 https://registry.npmjs.org/string-width 102ms (cache miss)
302 http fetch GET 200 https://registry.npmjs.org/string-width 107ms (cache miss)
303 http fetch GET 200 https://registry.npmjs.org/strip-ansi 108ms (cache miss)
304 http fetch GET 200 https://registry.npmjs.org/wrap-ansi 112ms (cache miss)
305 http fetch GET 200 https://registry.npmjs.org/wrap-ansi 129ms (cache miss)
306 silly placeDep ROOT string-width@5.1.2 OK for: @isaacs/cliui@8.0.2 want: ^5.1.2
307 silly placeDep ROOT string-width-cjs@4.2.3 OK for: @isaacs/cliui@8.0.2 want: npm:string-width@^4.2.0
308 silly placeDep ROOT strip-ansi@7.1.0 OK for: @isaacs/cliui@8.0.2 want: ^7.0.1
309 silly placeDep ROOT strip-ansi-cjs@6.0.1 OK for: @isaacs/cliui@8.0.2 want: npm:strip-ansi@^6.0.1
310 silly placeDep ROOT wrap-ansi@8.1.0 OK for: @isaacs/cliui@8.0.2 want: ^8.1.0
311 silly placeDep ROOT wrap-ansi-cjs@7.0.0 OK for: @isaacs/cliui@8.0.2 want: npm:wrap-ansi@^7.0.0
312 silly fetch manifest emoji-regex@^9.2.2
313 silly fetch manifest eastasianwidth@^0.2.0
314 silly fetch manifest strip-ansi@^6.0.1
315 silly fetch manifest emoji-regex@^8.0.0
316 silly fetch manifest is-fullwidth-code-point@^3.0.0
317 silly fetch manifest ansi-regex@^6.0.1
318 silly fetch manifest ansi-regex@^5.0.1
319 silly fetch manifest ansi-styles@^6.1.0
320 silly fetch manifest ansi-styles@^4.0.0
321 silly fetch manifest string-width@^4.1.0
322 silly fetch manifest strip-ansi@^6.0.0
323 http fetch GET 200 https://registry.npmjs.org/eastasianwidth 110ms (cache miss)
324 http fetch GET 200 https://registry.npmjs.org/is-fullwidth-code-point 112ms (cache miss)
325 http fetch GET 200 https://registry.npmjs.org/emoji-regex 116ms (cache miss)
326 http fetch GET 200 https://registry.npmjs.org/emoji-regex 122ms (cache miss)
327 http fetch GET 200 https://registry.npmjs.org/ansi-regex 126ms (cache miss)
328 http fetch GET 200 https://registry.npmjs.org/ansi-regex 129ms (cache miss)
329 http fetch GET 200 https://registry.npmjs.org/ansi-styles 131ms (cache miss)
330 http fetch GET 200 https://registry.npmjs.org/ansi-styles 142ms (cache miss)
331 silly placeDep ROOT brace-expansion@2.0.1 OK for: minimatch@9.0.5 want: ^2.0.1
332 silly fetch manifest balanced-match@^1.0.0
333 http fetch GET 200 https://registry.npmjs.org/balanced-match 115ms (cache miss)
334 silly placeDep ROOT balanced-match@1.0.2 OK for: brace-expansion@2.0.1 want: ^1.0.0
335 silly placeDep ROOT any-promise@1.3.0 OK for: mz@2.7.0 want: ^1.0.0
336 silly placeDep ROOT object-assign@4.1.1 OK for: mz@2.7.0 want: ^4.0.1
337 silly placeDep ROOT thenify-all@1.6.0 OK for: mz@2.7.0 want: ^1.0.0
338 silly fetch manifest thenify@>= 3.1.0 < 4
339 http fetch GET 200 https://registry.npmjs.org/thenify 108ms (cache miss)
340 silly placeDep ROOT lru-cache@10.4.3 OK for: path-scurry@1.11.1 want: ^10.2.0
341 silly placeDep ROOT shebang-regex@3.0.0 OK for: shebang-command@2.0.0 want: ^3.0.0
342 silly placeDep ROOT eastasianwidth@0.2.0 OK for: string-width@5.1.2 want: ^0.2.0
343 silly placeDep ROOT emoji-regex@9.2.2 OK for: string-width@5.1.2 want: ^9.2.2
344 silly placeDep node_modules/string-width-cjs emoji-regex@8.0.0 OK for: string-width@4.2.3 want: ^8.0.0
345 silly placeDep ROOT is-fullwidth-code-point@3.0.0 OK for: string-width@4.2.3 want: ^3.0.0
346 silly placeDep node_modules/string-width-cjs strip-ansi@6.0.1 OK for: string-width@4.2.3 want: ^6.0.1
347 silly placeDep ROOT ansi-regex@6.1.0 OK for: strip-ansi@7.1.0 want: ^6.0.1
348 silly placeDep node_modules/strip-ansi-cjs ansi-regex@5.0.1 OK for: strip-ansi@6.0.1 want: ^5.0.1
349 silly placeDep ROOT thenify@3.3.1 OK for: thenify-all@1.6.0 want: >= 3.1.0 < 4
350 silly placeDep ROOT is-number@7.0.0 OK for: to-regex-range@5.0.1 want: ^7.0.0
351 silly placeDep ROOT isexe@2.0.0 OK for: which@2.0.2 want: ^2.0.0
352 silly placeDep ROOT ansi-styles@6.2.1 OK for: wrap-ansi@8.1.0 want: ^6.1.0
353 silly placeDep node_modules/wrap-ansi-cjs ansi-styles@4.3.0 OK for: wrap-ansi@7.0.0 want: ^4.0.0
354 silly placeDep node_modules/wrap-ansi-cjs string-width@4.2.3 OK for: wrap-ansi@7.0.0 want: ^4.1.0
355 silly placeDep node_modules/wrap-ansi-cjs strip-ansi@6.0.1 OK for: wrap-ansi@7.0.0 want: ^6.0.0
356 silly fetch manifest color-convert@^2.0.1
357 http fetch GET 200 https://registry.npmjs.org/color-convert 101ms (cache miss)
358 silly placeDep node_modules/string-width-cjs ansi-regex@5.0.1 OK for: strip-ansi@6.0.1 want: ^5.0.1
359 silly placeDep ROOT color-convert@2.0.1 OK for: ansi-styles@4.3.0 want: ^2.0.1
360 silly fetch manifest color-name@~1.1.4
361 http fetch GET 200 https://registry.npmjs.org/color-name 101ms (cache miss)
362 silly placeDep ROOT color-name@1.1.4 OK for: color-convert@2.0.1 want: ~1.1.4
363 silly placeDep node_modules/wrap-ansi-cjs emoji-regex@8.0.0 OK for: string-width@4.2.3 want: ^8.0.0
364 silly placeDep node_modules/wrap-ansi-cjs ansi-regex@5.0.1 OK for: strip-ansi@6.0.1 want: ^5.0.1
365 silly reify moves {}
366 verbose reify failed optional dependency C:\Users\kalpn\Desktop\Diwali-Bazar\node_modules\fsevents
367 silly reify mark deleted [ 'C:\\Users\\kalpn\\Desktop\\Diwali-Bazar\\node_modules\\fsevents' ]
368 silly tarball no local data for color-convert@https://registry.npmjs.org/color-convert/-/color-convert-2.0.1.tgz. Extracting by manifest.
369 silly tarball no local data for color-name@https://registry.npmjs.org/color-name/-/color-name-1.1.4.tgz. Extracting by manifest.
370 silly tarball no local data for thenify@https://registry.npmjs.org/thenify/-/thenify-3.3.1.tgz. Extracting by manifest.
371 silly tarball no local data for isexe@https://registry.npmjs.org/isexe/-/isexe-2.0.0.tgz. Extracting by manifest.
372 silly tarball no local data for is-number@https://registry.npmjs.org/is-number/-/is-number-7.0.0.tgz. Extracting by manifest.
373 silly tarball no local data for ansi-regex@https://registry.npmjs.org/ansi-regex/-/ansi-regex-6.1.0.tgz. Extracting by manifest.
374 silly tarball no local data for ansi-styles@https://registry.npmjs.org/ansi-styles/-/ansi-styles-6.2.1.tgz. Extracting by manifest.
375 silly tarball no local data for is-fullwidth-code-point@https://registry.npmjs.org/is-fullwidth-code-point/-/is-fullwidth-code-point-3.0.0.tgz. Extracting by manifest.
376 silly tarball no local data for emoji-regex@https://registry.npmjs.org/emoji-regex/-/emoji-regex-9.2.2.tgz. Extracting by manifest.
377 silly tarball no local data for eastasianwidth@https://registry.npmjs.org/eastasianwidth/-/eastasianwidth-0.2.0.tgz. Extracting by manifest.
378 silly tarball no local data for shebang-regex@https://registry.npmjs.org/shebang-regex/-/shebang-regex-3.0.0.tgz. Extracting by manifest.
379 silly tarball no local data for thenify-all@https://registry.npmjs.org/thenify-all/-/thenify-all-1.6.0.tgz. Extracting by manifest.
380 silly tarball no local data for lru-cache@https://registry.npmjs.org/lru-cache/-/lru-cache-10.4.3.tgz. Extracting by manifest.
381 silly tarball no local data for object-assign@https://registry.npmjs.org/object-assign/-/object-assign-4.1.1.tgz. Extracting by manifest.
382 silly tarball no local data for any-promise@https://registry.npmjs.org/any-promise/-/any-promise-1.3.0.tgz. Extracting by manifest.
383 silly tarball no local data for balanced-match@https://registry.npmjs.org/balanced-match/-/balanced-match-1.0.2.tgz. Extracting by manifest.
384 silly tarball no local data for wrap-ansi-cjs@https://registry.npmjs.org/wrap-ansi/-/wrap-ansi-7.0.0.tgz. Extracting by manifest.
385 silly tarball no local data for brace-expansion@https://registry.npmjs.org/brace-expansion/-/brace-expansion-2.0.1.tgz. Extracting by manifest.
386 silly tarball no local data for wrap-ansi@https://registry.npmjs.org/wrap-ansi/-/wrap-ansi-8.1.0.tgz. Extracting by manifest.
387 silly tarball no local data for strip-ansi@https://registry.npmjs.org/strip-ansi/-/strip-ansi-7.1.0.tgz. Extracting by manifest.
388 silly tarball no local data for strip-ansi-cjs@https://registry.npmjs.org/strip-ansi/-/strip-ansi-6.0.1.tgz. Extracting by manifest.
389 silly tarball no local data for string-width-cjs@https://registry.npmjs.org/string-width/-/string-width-4.2.3.tgz. Extracting by manifest.
390 silly tarball no local data for string-width@https://registry.npmjs.org/string-width/-/string-width-5.1.2.tgz. Extracting by manifest.
391 silly tarball no local data for @pkgjs/parseargs@https://registry.npmjs.org/@pkgjs/parseargs/-/parseargs-0.11.0.tgz. Extracting by manifest.
392 silly tarball no local data for @isaacs/cliui@https://registry.npmjs.org/@isaacs/cliui/-/cliui-8.0.2.tgz. Extracting by manifest.
393 silly tarball no local data for path-key@https://registry.npmjs.org/path-key/-/path-key-3.1.1.tgz. Extracting by manifest.
394 silly tarball no local data for shebang-command@https://registry.npmjs.org/shebang-command/-/shebang-command-2.0.0.tgz. Extracting by manifest.
395 silly tarball no local data for cross-spawn@https://registry.npmjs.org/cross-spawn/-/cross-spawn-7.0.3.tgz. Extracting by manifest.
396 silly tarball no local data for signal-exit@https://registry.npmjs.org/signal-exit/-/signal-exit-4.1.0.tgz. Extracting by manifest.
397 silly tarball no local data for which@https://registry.npmjs.org/which/-/which-2.0.2.tgz. Extracting by manifest.
398 silly tarball no local data for minipass@https://registry.npmjs.org/minipass/-/minipass-7.1.2.tgz. Extracting by manifest.
399 silly tarball no local data for path-scurry@https://registry.npmjs.org/path-scurry/-/path-scurry-1.11.1.tgz. Extracting by manifest.
400 silly tarball no local data for package-json-from-dist@https://registry.npmjs.org/package-json-from-dist/-/package-json-from-dist-1.0.1.tgz. Extracting by manifest.
401 silly tarball no local data for minimatch@https://registry.npmjs.org/minimatch/-/minimatch-9.0.5.tgz. Extracting by manifest.
402 silly tarball no local data for jackspeak@https://registry.npmjs.org/jackspeak/-/jackspeak-3.4.3.tgz. Extracting by manifest.
403 silly tarball no local data for @jridgewell/set-array@https://registry.npmjs.org/@jridgewell/set-array/-/set-array-1.2.1.tgz. Extracting by manifest.
404 silly tarball no local data for @jridgewell/resolve-uri@https://registry.npmjs.org/@jridgewell/resolve-uri/-/resolve-uri-3.1.2.tgz. Extracting by manifest.
405 silly tarball no local data for foreground-child@https://registry.npmjs.org/foreground-child/-/foreground-child-3.3.0.tgz. Extracting by manifest.
406 silly tarball no local data for pirates@https://registry.npmjs.org/pirates/-/pirates-4.0.6.tgz. Extracting by manifest.
407 silly tarball no local data for @jridgewell/trace-mapping@https://registry.npmjs.org/@jridgewell/trace-mapping/-/trace-mapping-0.3.25.tgz. Extracting by manifest.
408 silly tarball no local data for mz@https://registry.npmjs.org/mz/-/mz-2.7.0.tgz. Extracting by manifest.
409 silly tarball no local data for ts-interface-checker@https://registry.npmjs.org/ts-interface-checker/-/ts-interface-checker-0.1.13.tgz. Extracting by manifest.
410 silly tarball no local data for @jridgewell/sourcemap-codec@https://registry.npmjs.org/@jridgewell/sourcemap-codec/-/sourcemap-codec-1.5.0.tgz. Extracting by manifest.
411 silly tarball no local data for glob@https://registry.npmjs.org/glob/-/glob-10.4.5.tgz. Extracting by manifest.
412 silly tarball no local data for @jridgewell/gen-mapping@https://registry.npmjs.org/@jridgewell/gen-mapping/-/gen-mapping-0.3.5.tgz. Extracting by manifest.
413 silly tarball no local data for lines-and-columns@https://registry.npmjs.org/lines-and-columns/-/lines-and-columns-1.2.4.tgz. Extracting by manifest.
414 silly tarball no local data for queue-microtask@https://registry.npmjs.org/queue-microtask/-/queue-microtask-1.2.3.tgz. Extracting by manifest.
415 silly tarball no local data for commander@https://registry.npmjs.org/commander/-/commander-4.1.1.tgz. Extracting by manifest.
416 silly tarball no local data for hasown@https://registry.npmjs.org/hasown/-/hasown-2.0.2.tgz. Extracting by manifest.
417 silly tarball no local data for supports-preserve-symlinks-flag@https://registry.npmjs.org/supports-preserve-symlinks-flag/-/supports-preserve-symlinks-flag-1.0.0.tgz. Extracting by manifest.
418 silly tarball no local data for function-bind@https://registry.npmjs.org/function-bind/-/function-bind-1.1.2.tgz. Extracting by manifest.
419 silly tarball no local data for is-core-module@https://registry.npmjs.org/is-core-module/-/is-core-module-2.15.1.tgz. Extracting by manifest.
420 silly tarball no local data for path-parse@https://registry.npmjs.org/path-parse/-/path-parse-1.0.7.tgz. Extracting by manifest.
421 silly tarball no local data for cssesc@https://registry.npmjs.org/cssesc/-/cssesc-3.0.0.tgz. Extracting by manifest.
422 silly tarball no local data for pify@https://registry.npmjs.org/pify/-/pify-2.3.0.tgz. Extracting by manifest.
423 silly tarball no local data for util-deprecate@https://registry.npmjs.org/util-deprecate/-/util-deprecate-1.0.2.tgz. Extracting by manifest.
424 silly tarball no local data for camelcase-css@https://registry.npmjs.org/camelcase-css/-/camelcase-css-2.0.1.tgz. Extracting by manifest.
425 silly tarball no local data for yaml@https://registry.npmjs.org/yaml/-/yaml-2.6.0.tgz. Extracting by manifest.
426 silly tarball no local data for read-cache@https://registry.npmjs.org/read-cache/-/read-cache-1.0.0.tgz. Extracting by manifest.
427 silly tarball no local data for postcss-value-parser@https://registry.npmjs.org/postcss-value-parser/-/postcss-value-parser-4.2.0.tgz. Extracting by manifest.
428 silly tarball no local data for source-map-js@https://registry.npmjs.org/source-map-js/-/source-map-js-1.2.1.tgz. Extracting by manifest.
429 silly tarball no local data for nanoid@https://registry.npmjs.org/nanoid/-/nanoid-3.3.7.tgz. Extracting by manifest.
430 silly tarball no local data for binary-extensions@https://registry.npmjs.org/binary-extensions/-/binary-extensions-2.3.0.tgz. Extracting by manifest.
431 silly tarball no local data for to-regex-range@https://registry.npmjs.org/to-regex-range/-/to-regex-range-5.0.1.tgz. Extracting by manifest.
432 silly tarball no local data for is-extglob@https://registry.npmjs.org/is-extglob/-/is-extglob-2.1.1.tgz. Extracting by manifest.
433 silly tarball no local data for reusify@https://registry.npmjs.org/reusify/-/reusify-1.0.4.tgz. Extracting by manifest.
434 silly tarball no local data for fastq@https://registry.npmjs.org/fastq/-/fastq-1.17.1.tgz. Extracting by manifest.
435 silly tarball no local data for merge2@https://registry.npmjs.org/merge2/-/merge2-1.4.1.tgz. Extracting by manifest.
436 silly tarball no local data for run-parallel@https://registry.npmjs.org/run-parallel/-/run-parallel-1.2.0.tgz. Extracting by manifest.
437 silly tarball no local data for @nodelib/fs.scandir@https://registry.npmjs.org/@nodelib/fs.scandir/-/fs.scandir-2.1.5.tgz. Extracting by manifest.
438 silly tarball no local data for @nodelib/fs.walk@https://registry.npmjs.org/@nodelib/fs.walk/-/fs.walk-1.2.8.tgz. Extracting by manifest.
439 silly tarball no local data for readdirp@https://registry.npmjs.org/readdirp/-/readdirp-3.6.0.tgz. Extracting by manifest.
440 silly tarball no local data for picomatch@https://registry.npmjs.org/picomatch/-/picomatch-2.3.1.tgz. Extracting by manifest.
441 silly tarball no local data for fill-range@https://registry.npmjs.org/fill-range/-/fill-range-7.1.1.tgz. Extracting by manifest.
442 silly tarball no local data for @nodelib/fs.stat@https://registry.npmjs.org/@nodelib/fs.stat/-/fs.stat-2.0.5.tgz. Extracting by manifest.
443 silly tarball no local data for is-binary-path@https://registry.npmjs.org/is-binary-path/-/is-binary-path-2.1.0.tgz. Extracting by manifest.
444 silly tarball no local data for anymatch@https://registry.npmjs.org/anymatch/-/anymatch-3.1.3.tgz. Extracting by manifest.
445 silly tarball no local data for resolve@https://registry.npmjs.org/resolve/-/resolve-1.22.8.tgz. Extracting by manifest.
446 silly tarball no local data for sucrase@https://registry.npmjs.org/sucrase/-/sucrase-3.35.0.tgz. Extracting by manifest.
447 silly tarball no local data for braces@https://registry.npmjs.org/braces/-/braces-3.0.3.tgz. Extracting by manifest.
448 silly tarball no local data for postcss-nested@https://registry.npmjs.org/postcss-nested/-/postcss-nested-6.2.0.tgz. Extracting by manifest.
449 silly tarball no local data for postcss-selector-parser@https://registry.npmjs.org/postcss-selector-parser/-/postcss-selector-parser-6.1.2.tgz. Extracting by manifest.
450 silly tarball no local data for postcss-js@https://registry.npmjs.org/postcss-js/-/postcss-js-4.0.1.tgz. Extracting by manifest.
451 silly tarball no local data for postcss@https://registry.npmjs.org/postcss/-/postcss-8.4.47.tgz. Extracting by manifest.
452 silly tarball no local data for postcss-load-config@https://registry.npmjs.org/postcss-load-config/-/postcss-load-config-4.0.2.tgz. Extracting by manifest.
453 silly tarball no local data for postcss-import@https://registry.npmjs.org/postcss-import/-/postcss-import-15.1.0.tgz. Extracting by manifest.
454 silly tarball no local data for picocolors@https://registry.npmjs.org/picocolors/-/picocolors-1.1.1.tgz. Extracting by manifest.
455 silly tarball no local data for object-hash@https://registry.npmjs.org/object-hash/-/object-hash-3.0.0.tgz. Extracting by manifest.
456 silly tarball no local data for micromatch@https://registry.npmjs.org/micromatch/-/micromatch-4.0.8.tgz. Extracting by manifest.
457 silly tarball no local data for normalize-path@https://registry.npmjs.org/normalize-path/-/normalize-path-3.0.0.tgz. Extracting by manifest.
458 silly tarball no local data for jiti@https://registry.npmjs.org/jiti/-/jiti-1.21.6.tgz. Extracting by manifest.
459 silly tarball no local data for lilconfig@https://registry.npmjs.org/lilconfig/-/lilconfig-2.1.0.tgz. Extracting by manifest.
460 silly tarball no local data for is-glob@https://registry.npmjs.org/is-glob/-/is-glob-4.0.3.tgz. Extracting by manifest.
461 silly tarball no local data for fast-glob@https://registry.npmjs.org/fast-glob/-/fast-glob-3.3.2.tgz. Extracting by manifest.
462 silly tarball no local data for dlv@https://registry.npmjs.org/dlv/-/dlv-1.1.3.tgz. Extracting by manifest.
463 silly tarball no local data for glob-parent@https://registry.npmjs.org/glob-parent/-/glob-parent-6.0.2.tgz. Extracting by manifest.
464 silly tarball no local data for didyoumean@https://registry.npmjs.org/didyoumean/-/didyoumean-1.2.2.tgz. Extracting by manifest.
465 silly tarball no local data for @alloc/quick-lru@https://registry.npmjs.org/@alloc/quick-lru/-/quick-lru-5.2.0.tgz. Extracting by manifest.
466 silly tarball no local data for arg@https://registry.npmjs.org/arg/-/arg-5.0.2.tgz. Extracting by manifest.
467 silly tarball no local data for ansi-regex@https://registry.npmjs.org/ansi-regex/-/ansi-regex-5.0.1.tgz. Extracting by manifest.
468 silly tarball no local data for tailwindcss@https://registry.npmjs.org/tailwindcss/-/tailwindcss-3.4.14.tgz. Extracting by manifest.
469 silly tarball no local data for chokidar@https://registry.npmjs.org/chokidar/-/chokidar-3.6.0.tgz. Extracting by manifest.
470 silly tarball no local data for emoji-regex@https://registry.npmjs.org/emoji-regex/-/emoji-regex-8.0.0.tgz. Extracting by manifest.
471 silly tarball no local data for ansi-regex@https://registry.npmjs.org/ansi-regex/-/ansi-regex-5.0.1.tgz. Extracting by manifest.
472 silly tarball no local data for string-width@https://registry.npmjs.org/string-width/-/string-width-4.2.3.tgz. Extracting by manifest.
473 silly tarball no local data for ansi-styles@https://registry.npmjs.org/ansi-styles/-/ansi-styles-4.3.0.tgz. Extracting by manifest.
474 silly tarball no local data for strip-ansi@https://registry.npmjs.org/strip-ansi/-/strip-ansi-6.0.1.tgz. Extracting by manifest.
475 silly tarball no local data for lilconfig@https://registry.npmjs.org/lilconfig/-/lilconfig-3.1.2.tgz. Extracting by manifest.
476 silly tarball no local data for glob-parent@https://registry.npmjs.org/glob-parent/-/glob-parent-5.1.2.tgz. Extracting by manifest.
477 silly tarball no local data for ansi-regex@https://registry.npmjs.org/ansi-regex/-/ansi-regex-5.0.1.tgz. Extracting by manifest.
478 silly tarball no local data for glob-parent@https://registry.npmjs.org/glob-parent/-/glob-parent-5.1.2.tgz. Extracting by manifest.
479 silly tarball no local data for emoji-regex@https://registry.npmjs.org/emoji-regex/-/emoji-regex-8.0.0.tgz. Extracting by manifest.
480 silly tarball no local data for strip-ansi@https://registry.npmjs.org/strip-ansi/-/strip-ansi-6.0.1.tgz. Extracting by manifest.
481 http fetch GET 200 https://registry.npmjs.org/color-convert/-/color-convert-2.0.1.tgz 277ms (cache miss)
482 http fetch GET 200 https://registry.npmjs.org/ansi-styles/-/ansi-styles-6.2.1.tgz 272ms (cache miss)
483 http fetch GET 200 https://registry.npmjs.org/ansi-regex/-/ansi-regex-6.1.0.tgz 274ms (cache miss)
484 http fetch GET 200 https://registry.npmjs.org/isexe/-/isexe-2.0.0.tgz 278ms (cache miss)
485 http fetch GET 200 https://registry.npmjs.org/color-name/-/color-name-1.1.4.tgz 281ms (cache miss)
486 http fetch GET 200 https://registry.npmjs.org/eastasianwidth/-/eastasianwidth-0.2.0.tgz 276ms (cache miss)
487 http fetch GET 200 https://registry.npmjs.org/thenify/-/thenify-3.3.1.tgz 283ms (cache miss)
488 http fetch GET 200 https://registry.npmjs.org/is-number/-/is-number-7.0.0.tgz 284ms (cache miss)
489 http fetch GET 200 https://registry.npmjs.org/emoji-regex/-/emoji-regex-9.2.2.tgz 283ms (cache miss)
490 http fetch GET 200 https://registry.npmjs.org/is-fullwidth-code-point/-/is-fullwidth-code-point-3.0.0.tgz 285ms (cache miss)
491 http fetch GET 200 https://registry.npmjs.org/thenify-all/-/thenify-all-1.6.0.tgz 284ms (cache miss)
492 http fetch GET 200 https://registry.npmjs.org/shebang-regex/-/shebang-regex-3.0.0.tgz 290ms (cache miss)
493 http fetch GET 200 https://registry.npmjs.org/any-promise/-/any-promise-1.3.0.tgz 390ms (cache miss)
494 http fetch GET 200 https://registry.npmjs.org/object-assign/-/object-assign-4.1.1.tgz 400ms (cache miss)
495 http fetch GET 200 https://registry.npmjs.org/wrap-ansi/-/wrap-ansi-7.0.0.tgz 402ms (cache miss)
496 http fetch GET 200 https://registry.npmjs.org/brace-expansion/-/brace-expansion-2.0.1.tgz 410ms (cache miss)
497 http fetch GET 200 https://registry.npmjs.org/strip-ansi/-/strip-ansi-6.0.1.tgz 408ms (cache miss)
498 http fetch GET 200 https://registry.npmjs.org/balanced-match/-/balanced-match-1.0.2.tgz 419ms (cache miss)
499 http fetch GET 200 https://registry.npmjs.org/string-width/-/string-width-4.2.3.tgz 414ms (cache miss)
500 http fetch GET 200 https://registry.npmjs.org/strip-ansi/-/strip-ansi-7.1.0.tgz 416ms (cache miss)
501 http fetch GET 200 https://registry.npmjs.org/string-width/-/string-width-5.1.2.tgz 414ms (cache miss)
502 http fetch GET 200 https://registry.npmjs.org/wrap-ansi/-/wrap-ansi-8.1.0.tgz 426ms (cache miss)
503 http fetch GET 200 https://registry.npmjs.org/shebang-command/-/shebang-command-2.0.0.tgz 425ms (cache miss)
504 http fetch GET 200 https://registry.npmjs.org/@isaacs/cliui/-/cliui-8.0.2.tgz 432ms (cache miss)
505 http fetch GET 200 https://registry.npmjs.org/path-key/-/path-key-3.1.1.tgz 432ms (cache miss)
506 http fetch GET 200 https://registry.npmjs.org/cross-spawn/-/cross-spawn-7.0.3.tgz 452ms (cache miss)
507 http fetch GET 200 https://registry.npmjs.org/signal-exit/-/signal-exit-4.1.0.tgz 478ms (cache miss)
508 http fetch GET 200 https://registry.npmjs.org/which/-/which-2.0.2.tgz 506ms (cache miss)
509 http fetch GET 200 https://registry.npmjs.org/package-json-from-dist/-/package-json-from-dist-1.0.1.tgz 532ms (cache miss)
510 http fetch GET 200 https://registry.npmjs.org/@jridgewell/set-array/-/set-array-1.2.1.tgz 579ms (cache miss)
511 http fetch GET 200 https://registry.npmjs.org/pirates/-/pirates-4.0.6.tgz 579ms (cache miss)
512 http fetch GET 200 https://registry.npmjs.org/mz/-/mz-2.7.0.tgz 592ms (cache miss)
513 http fetch GET 200 https://registry.npmjs.org/@jridgewell/resolve-uri/-/resolve-uri-3.1.2.tgz 597ms (cache miss)
514 http fetch GET 200 https://registry.npmjs.org/foreground-child/-/foreground-child-3.3.0.tgz 603ms (cache miss)
515 http fetch GET 200 https://registry.npmjs.org/queue-microtask/-/queue-microtask-1.2.3.tgz 639ms (cache miss)
516 http fetch GET 200 https://registry.npmjs.org/lines-and-columns/-/lines-and-columns-1.2.4.tgz 641ms (cache miss)
517 http fetch GET 200 https://registry.npmjs.org/@jridgewell/gen-mapping/-/gen-mapping-0.3.5.tgz 649ms (cache miss)
518 http fetch GET 200 https://registry.npmjs.org/hasown/-/hasown-2.0.2.tgz 651ms (cache miss)
519 http fetch GET 200 https://registry.npmjs.org/lru-cache/-/lru-cache-10.4.3.tgz 681ms (cache miss)
520 http fetch GET 200 https://registry.npmjs.org/function-bind/-/function-bind-1.1.2.tgz 664ms (cache miss)
521 http fetch GET 200 https://registry.npmjs.org/supports-preserve-symlinks-flag/-/supports-preserve-symlinks-flag-1.0.0.tgz 667ms (cache miss)
522 http fetch GET 200 https://registry.npmjs.org/is-core-module/-/is-core-module-2.15.1.tgz 671ms (cache miss)
523 http fetch GET 200 https://registry.npmjs.org/path-parse/-/path-parse-1.0.7.tgz 692ms (cache miss)
524 http fetch GET 200 https://registry.npmjs.org/cssesc/-/cssesc-3.0.0.tgz 692ms (cache miss)
525 http fetch GET 200 https://registry.npmjs.org/pify/-/pify-2.3.0.tgz 693ms (cache miss)
526 http fetch GET 200 https://registry.npmjs.org/util-deprecate/-/util-deprecate-1.0.2.tgz 718ms (cache miss)
527 http fetch GET 200 https://registry.npmjs.org/commander/-/commander-4.1.1.tgz 725ms (cache miss)
528 http fetch GET 200 https://registry.npmjs.org/camelcase-css/-/camelcase-css-2.0.1.tgz 721ms (cache miss)
529 http fetch GET 200 https://registry.npmjs.org/@pkgjs/parseargs/-/parseargs-0.11.0.tgz 751ms (cache miss)
530 http fetch GET 200 https://registry.npmjs.org/ts-interface-checker/-/ts-interface-checker-0.1.13.tgz 753ms (cache miss)
531 http fetch GET 200 https://registry.npmjs.org/postcss-value-parser/-/postcss-value-parser-4.2.0.tgz 793ms (cache miss)
532 http fetch GET 200 https://registry.npmjs.org/read-cache/-/read-cache-1.0.0.tgz 840ms (cache miss)
533 http fetch GET 200 https://registry.npmjs.org/@jridgewell/sourcemap-codec/-/sourcemap-codec-1.5.0.tgz 870ms (cache miss)
534 http fetch GET 200 https://registry.npmjs.org/nanoid/-/nanoid-3.3.7.tgz 870ms (cache miss)
535 http fetch GET 200 https://registry.npmjs.org/binary-extensions/-/binary-extensions-2.3.0.tgz 871ms (cache miss)
536 http fetch GET 200 https://registry.npmjs.org/merge2/-/merge2-1.4.1.tgz 892ms (cache miss)
537 http fetch GET 200 https://registry.npmjs.org/minipass/-/minipass-7.1.2.tgz 915ms (cache miss)
538 http fetch GET 200 https://registry.npmjs.org/reusify/-/reusify-1.0.4.tgz 901ms (cache miss)
539 http fetch GET 200 https://registry.npmjs.org/fastq/-/fastq-1.17.1.tgz 900ms (cache miss)
540 http fetch GET 200 https://registry.npmjs.org/to-regex-range/-/to-regex-range-5.0.1.tgz 916ms (cache miss)
541 http fetch GET 200 https://registry.npmjs.org/is-extglob/-/is-extglob-2.1.1.tgz 928ms (cache miss)
542 http fetch GET 200 https://registry.npmjs.org/run-parallel/-/run-parallel-1.2.0.tgz 938ms (cache miss)
543 http fetch GET 200 https://registry.npmjs.org/@nodelib/fs.walk/-/fs.walk-1.2.8.tgz 940ms (cache miss)
544 http fetch GET 200 https://registry.npmjs.org/@nodelib/fs.scandir/-/fs.scandir-2.1.5.tgz 941ms (cache miss)
545 http fetch GET 200 https://registry.npmjs.org/readdirp/-/readdirp-3.6.0.tgz 971ms (cache miss)
546 http fetch GET 200 https://registry.npmjs.org/fill-range/-/fill-range-7.1.1.tgz 1007ms (cache miss)
547 http fetch GET 200 https://registry.npmjs.org/braces/-/braces-3.0.3.tgz 1015ms (cache miss)
548 http fetch GET 200 https://registry.npmjs.org/is-binary-path/-/is-binary-path-2.1.0.tgz 1026ms (cache miss)
549 http fetch GET 200 https://registry.npmjs.org/anymatch/-/anymatch-3.1.3.tgz 1035ms (cache miss)
550 http fetch GET 200 https://registry.npmjs.org/@nodelib/fs.stat/-/fs.stat-2.0.5.tgz 1046ms (cache miss)
551 http fetch GET 200 https://registry.npmjs.org/postcss-nested/-/postcss-nested-6.2.0.tgz 1053ms (cache miss)
552 http fetch GET 200 https://registry.npmjs.org/postcss-js/-/postcss-js-4.0.1.tgz 1052ms (cache miss)
553 http fetch GET 200 https://registry.npmjs.org/postcss-load-config/-/postcss-load-config-4.0.2.tgz 1063ms (cache miss)
554 http fetch GET 200 https://registry.npmjs.org/picocolors/-/picocolors-1.1.1.tgz 1067ms (cache miss)
555 http fetch GET 200 https://registry.npmjs.org/postcss-import/-/postcss-import-15.1.0.tgz 1085ms (cache miss)
556 http fetch GET 200 https://registry.npmjs.org/normalize-path/-/normalize-path-3.0.0.tgz 1084ms (cache miss)
557 http fetch GET 200 https://registry.npmjs.org/micromatch/-/micromatch-4.0.8.tgz 1089ms (cache miss)
558 http fetch GET 200 https://registry.npmjs.org/@jridgewell/trace-mapping/-/trace-mapping-0.3.25.tgz 1118ms (cache miss)
559 http fetch GET 200 https://registry.npmjs.org/path-scurry/-/path-scurry-1.11.1.tgz 1123ms (cache miss)
560 http fetch GET 200 https://registry.npmjs.org/is-glob/-/is-glob-4.0.3.tgz 1102ms (cache miss)
561 http fetch GET 200 https://registry.npmjs.org/lilconfig/-/lilconfig-2.1.0.tgz 1103ms (cache miss)
562 http fetch GET 200 https://registry.npmjs.org/dlv/-/dlv-1.1.3.tgz 1106ms (cache miss)
563 http fetch GET 200 https://registry.npmjs.org/didyoumean/-/didyoumean-1.2.2.tgz 1106ms (cache miss)
564 http fetch GET 200 https://registry.npmjs.org/glob-parent/-/glob-parent-6.0.2.tgz 1108ms (cache miss)
565 http fetch GET 200 https://registry.npmjs.org/object-hash/-/object-hash-3.0.0.tgz 1123ms (cache miss)
566 http fetch GET 200 https://registry.npmjs.org/@alloc/quick-lru/-/quick-lru-5.2.0.tgz 1120ms (cache miss)
567 http fetch GET 200 https://registry.npmjs.org/ansi-regex/-/ansi-regex-5.0.1.tgz 1122ms (cache miss)
568 http fetch GET 200 https://registry.npmjs.org/arg/-/arg-5.0.2.tgz 1123ms (cache miss)
569 http fetch GET 200 https://registry.npmjs.org/jackspeak/-/jackspeak-3.4.3.tgz 1191ms (cache miss)
570 http fetch GET 200 https://registry.npmjs.org/picomatch/-/picomatch-2.3.1.tgz 1170ms (cache miss)
571 http fetch GET 200 https://registry.npmjs.org/source-map-js/-/source-map-js-1.2.1.tgz 1212ms (cache miss)
572 http fetch GET 200 https://registry.npmjs.org/ansi-regex/-/ansi-regex-5.0.1.tgz 1392ms (cache miss)
573 http fetch GET 200 https://registry.npmjs.org/string-width/-/string-width-4.2.3.tgz 1392ms (cache miss)
574 http fetch GET 200 https://registry.npmjs.org/ansi-regex/-/ansi-regex-5.0.1.tgz 1390ms (cache miss)
575 http fetch GET 200 https://registry.npmjs.org/strip-ansi/-/strip-ansi-6.0.1.tgz 1392ms (cache miss)
576 http fetch GET 200 https://registry.npmjs.org/emoji-regex/-/emoji-regex-8.0.0.tgz 1401ms (cache miss)
577 http fetch GET 200 https://registry.npmjs.org/lilconfig/-/lilconfig-3.1.2.tgz 1404ms (cache miss)
578 http fetch GET 200 https://registry.npmjs.org/emoji-regex/-/emoji-regex-8.0.0.tgz 1403ms (cache miss)
579 http fetch GET 200 https://registry.npmjs.org/ansi-styles/-/ansi-styles-4.3.0.tgz 1413ms (cache miss)
580 http fetch GET 200 https://registry.npmjs.org/strip-ansi/-/strip-ansi-6.0.1.tgz 1416ms (cache miss)
581 http fetch GET 200 https://registry.npmjs.org/glob-parent/-/glob-parent-5.1.2.tgz 1435ms (cache miss)
582 http fetch GET 200 https://registry.npmjs.org/glob-parent/-/glob-parent-5.1.2.tgz 1451ms (cache miss)
583 http fetch GET 200 https://registry.npmjs.org/chokidar/-/chokidar-3.6.0.tgz 1492ms (cache miss)
584 http fetch GET 200 https://registry.npmjs.org/postcss-selector-parser/-/postcss-selector-parser-6.1.2.tgz 1546ms (cache miss)
585 http fetch GET 200 https://registry.npmjs.org/jiti/-/jiti-1.21.6.tgz 1552ms (cache miss)
586 http fetch GET 200 https://registry.npmjs.org/minimatch/-/minimatch-9.0.5.tgz 1593ms (cache miss)
587 http fetch GET 200 https://registry.npmjs.org/postcss/-/postcss-8.4.47.tgz 1605ms (cache miss)
588 http fetch GET 200 https://registry.npmjs.org/glob/-/glob-10.4.5.tgz 1635ms (cache miss)
589 http fetch GET 200 https://registry.npmjs.org/fast-glob/-/fast-glob-3.3.2.tgz 1611ms (cache miss)
590 http fetch GET 200 https://registry.npmjs.org/resolve/-/resolve-1.22.8.tgz 1782ms (cache miss)
591 http fetch GET 200 https://registry.npmjs.org/sucrase/-/sucrase-3.35.0.tgz 2040ms (cache miss)
592 http fetch GET 200 https://registry.npmjs.org/yaml/-/yaml-2.6.0.tgz 2104ms (cache miss)
593 http fetch GET 200 https://registry.npmjs.org/tailwindcss/-/tailwindcss-3.4.14.tgz 2193ms (cache miss)
594 silly ADD node_modules/color-name
595 silly ADD node_modules/color-convert
596 silly ADD node_modules/ansi-styles
597 silly ADD node_modules/isexe
598 silly ADD node_modules/is-number
599 silly ADD node_modules/thenify
600 silly ADD node_modules/ansi-regex
601 silly ADD node_modules/is-fullwidth-code-point
602 silly ADD node_modules/emoji-regex
603 silly ADD node_modules/eastasianwidth
604 silly ADD node_modules/shebang-regex
605 silly ADD node_modules/lru-cache
606 silly ADD node_modules/thenify-all
607 silly ADD node_modules/object-assign
608 silly ADD node_modules/any-promise
609 silly ADD node_modules/balanced-match
610 silly ADD node_modules/brace-expansion
611 silly ADD node_modules/wrap-ansi-cjs
612 silly ADD node_modules/wrap-ansi-cjs/node_modules/ansi-regex
613 silly ADD node_modules/wrap-ansi-cjs/node_modules/emoji-regex
614 silly ADD node_modules/wrap-ansi-cjs/node_modules/strip-ansi
615 silly ADD node_modules/wrap-ansi-cjs/node_modules/string-width
616 silly ADD node_modules/wrap-ansi-cjs/node_modules/ansi-styles
617 silly ADD node_modules/wrap-ansi
618 silly ADD node_modules/strip-ansi-cjs
619 silly ADD node_modules/strip-ansi-cjs/node_modules/ansi-regex
620 silly ADD node_modules/strip-ansi
621 silly ADD node_modules/string-width-cjs
622 silly ADD node_modules/string-width-cjs/node_modules/ansi-regex
623 silly ADD node_modules/string-width-cjs/node_modules/strip-ansi
624 silly ADD node_modules/string-width-cjs/node_modules/emoji-regex
625 silly ADD node_modules/string-width
626 silly ADD node_modules/@pkgjs/parseargs
627 silly ADD node_modules/@isaacs/cliui
628 silly ADD node_modules/which
629 silly ADD node_modules/shebang-command
630 silly ADD node_modules/path-key
631 silly ADD node_modules/signal-exit
632 silly ADD node_modules/cross-spawn
633 silly ADD node_modules/path-scurry
634 silly ADD node_modules/package-json-from-dist
635 silly ADD node_modules/minipass
636 silly ADD node_modules/minimatch
637 silly ADD node_modules/jackspeak
638 silly ADD node_modules/foreground-child
639 silly ADD node_modules/@jridgewell/resolve-uri
640 silly ADD node_modules/@jridgewell/trace-mapping
641 silly ADD node_modules/@jridgewell/sourcemap-codec
642 silly ADD node_modules/@jridgewell/set-array
643 silly ADD node_modules/ts-interface-checker
644 silly ADD node_modules/pirates
645 silly ADD node_modules/mz
646 silly ADD node_modules/lines-and-columns
647 silly ADD node_modules/glob
648 silly ADD node_modules/commander
649 silly ADD node_modules/@jridgewell/gen-mapping
650 silly ADD node_modules/queue-microtask
651 silly ADD node_modules/function-bind
652 silly ADD node_modules/hasown
653 silly ADD node_modules/supports-preserve-symlinks-flag
654 silly ADD node_modules/path-parse
655 silly ADD node_modules/is-core-module
656 silly ADD node_modules/pify
657 silly ADD node_modules/util-deprecate
658 silly ADD node_modules/cssesc
659 silly ADD node_modules/yaml
660 silly ADD node_modules/camelcase-css
661 silly ADD node_modules/read-cache
662 silly ADD node_modules/postcss-value-parser
663 silly ADD node_modules/source-map-js
664 silly ADD node_modules/nanoid
665 silly ADD node_modules/is-extglob
666 silly ADD node_modules/binary-extensions
667 silly ADD node_modules/to-regex-range
668 silly ADD node_modules/reusify
669 silly ADD node_modules/run-parallel
670 silly ADD node_modules/fastq
671 silly ADD node_modules/@nodelib/fs.scandir
672 silly ADD node_modules/merge2
673 silly ADD node_modules/@nodelib/fs.walk
674 silly ADD node_modules/@nodelib/fs.stat
675 silly ADD node_modules/fill-range
676 silly ADD node_modules/picomatch
677 silly ADD node_modules/readdirp
678 silly ADD node_modules/is-binary-path
679 silly ADD
680 silly ADD node_modules/braces
681 silly ADD node_modules/anymatch
682 silly ADD node_modules/sucrase
683 silly ADD node_modules/resolve
684 silly ADD node_modules/postcss-selector-parser
685 silly ADD node_modules/postcss-nested
686 silly ADD node_modules/postcss-load-config
687 silly ADD node_modules/postcss-load-config/node_modules/lilconfig
688 silly ADD node_modules/postcss-js
689 silly ADD node_modules/postcss-import
690 silly ADD node_modules/postcss
691 silly ADD node_modules/picocolors
692 silly ADD node_modules/object-hash
693 silly ADD node_modules/normalize-path
694 silly ADD node_modules/micromatch
695 silly ADD node_modules/lilconfig
696 silly ADD node_modules/jiti
697 silly ADD node_modules/is-glob
698 silly ADD node_modules/glob-parent
699 silly ADD node_modules/fast-glob
700 silly ADD node_modules/fast-glob/node_modules/glob-parent
701 silly ADD node_modules/dlv
702 silly ADD node_modules/didyoumean
703 silly ADD node_modules/chokidar
704 silly ADD node_modules/chokidar/node_modules/glob-parent
705 silly ADD node_modules/arg
706 silly ADD node_modules/@alloc/quick-lru
707 silly ADD node_modules/tailwindcss
708 notice
708 notice New [33mminor[39m version of npm available! [33m10.7.0[39m -> [34m10.9.0[39m
708 notice Changelog: [34mhttps://github.com/npm/cli/releases/tag/v10.9.0[39m
708 notice To update run: [4mnpm install -g npm@10.9.0[24m
708 notice  { force: true, [Symbol(proc-log.meta)]: true }
709 verbose exit 0
710 info ok
